C:\Program Files\Microsoft Visual Studio\2022\Community\MSBuild\Microsoft\VC\v170\Microsoft.CppBuild.targets(520,5): warning MSB8004: каталог Output заканчивается не косой чертой.  Этот экземпляр сборки добавит косую черту, поскольку она необходима для правильного определения каталога Output.
  Abuffer.cpp
C:\Users\kisly\Downloads\coreGL_dynamic\src\core\file\wav.hpp(1,9): warning C4068: неизвестная прагма "Wav"
  (компиляция исходного файла "src/core/audio/Abuffer.cpp")
  
C:\Users\kisly\Downloads\coreGL_dynamic\src\core\audio\Abuffer.cpp(37,55): warning C4267: аргумент: преобразование из "size_t" в "ALsizei"; возможна потеря данных
  ADevice.cpp
  Asource.cpp
  ebo.cpp
C:\Users\kisly\Downloads\coreGL_dynamic\src\core\graphics\commons\ebo.cpp(133,36): warning C4267: инициализация: преобразование из "size_t" в "unsigned int"; возможна потеря данных
  fbo.cpp
  rbo.cpp
  Image.cpp
  info.cpp
  time.cpp
  mtl.cpp
  obj_loaders.cpp
C:\Users\kisly\Downloads\coreGL_dynamic\src\core\file\obj_loaders.cpp(180,32): warning C4244: аргумент: преобразование "float" в "_Ty", возможна потеря данных
C:\Users\kisly\Downloads\coreGL_dynamic\src\core\file\obj_loaders.cpp(180,32): warning C4244:         with
C:\Users\kisly\Downloads\coreGL_dynamic\src\core\file\obj_loaders.cpp(180,32): warning C4244:         [
C:\Users\kisly\Downloads\coreGL_dynamic\src\core\file\obj_loaders.cpp(180,32): warning C4244:             _Ty=int
C:\Users\kisly\Downloads\coreGL_dynamic\src\core\file\obj_loaders.cpp(180,32): warning C4244:         ]
C:\Users\kisly\Downloads\coreGL_dynamic\src\core\file\obj_loaders.cpp(190,32): warning C4244: аргумент: преобразование "float" в "_Ty", возможна потеря данных
C:\Users\kisly\Downloads\coreGL_dynamic\src\core\file\obj_loaders.cpp(190,32): warning C4244:         with
C:\Users\kisly\Downloads\coreGL_dynamic\src\core\file\obj_loaders.cpp(190,32): warning C4244:         [
C:\Users\kisly\Downloads\coreGL_dynamic\src\core\file\obj_loaders.cpp(190,32): warning C4244:             _Ty=int
C:\Users\kisly\Downloads\coreGL_dynamic\src\core\file\obj_loaders.cpp(190,32): warning C4244:         ]
  png.cpp
  text.cpp
  toml_file.cpp
  wav.cpp
C:\Users\kisly\Downloads\coreGL_dynamic\src\core\file\wav.hpp(1,9): warning C4068: неизвестная прагма "Wav"
  (компиляция исходного файла "src/core/file/wav.cpp")
  
  BufferText2D.cpp
C:\Users\kisly\Downloads\coreGL_dynamic\src\core\graphics\commons\BufferText2D.cpp(180,43): warning C4267: инициализация: преобразование из "size_t" в "unsigned int"; возможна потеря данных
C:\Users\kisly\Downloads\coreGL_dynamic\src\core\graphics\commons\BufferText2D.cpp(180,30): warning C4267: инициализация: преобразование из "size_t" в "const unsigned int"; возможна потеря данных
  Camera.cpp
  font.cpp
C:\Users\kisly\Downloads\coreGL_dynamic\src\core\graphics\commons\font.cpp(55,42): warning C4018: <: несоответствие типов со знаком и без знака
  shader.cpp
  texture.cpp
  Компиляция...
  vao.cpp
C:\Users\kisly\Downloads\coreGL_dynamic\src\core\graphics\commons\vao.cpp(80,25): warning C4267: =: преобразование из "size_t" в "int"; возможна потеря данных
C:\Users\kisly\Downloads\coreGL_dynamic\src\core\graphics\commons\vao.cpp(90,57): warning C4267: инициализация: преобразование из "size_t" в "unsigned int"; возможна потеря данных
C:\Users\kisly\Downloads\coreGL_dynamic\src\core\graphics\commons\vao.cpp(90,43): warning C4267: инициализация: преобразование из "size_t" в "const unsigned int"; возможна потеря данных
C:\Users\kisly\Downloads\coreGL_dynamic\src\core\graphics\commons\vao.cpp(252,39): warning C4267: инициализация: преобразование из "size_t" в "int"; возможна потеря данных
  Button.cpp
C:\Users\kisly\Downloads\coreGL_dynamic\src\core\graphics\commons\BufferText2D.hpp(11,8): warning C4099: font: имя типа, ранее отображенное с помощью "class", теперь отображено с помощью "struct"
  (компиляция исходного файла "src/core/graphics/gui/Elements/Button.cpp")
      C:\Users\kisly\Downloads\coreGL_dynamic\src\core\graphics\gui\Elements\Button.hpp(8,7):
       см. объявление "font"
  
C:\Users\kisly\Downloads\coreGL_dynamic\src\core\graphics\commons\font.hpp(7,8): warning C4099: font: имя типа, ранее отображенное с помощью "class", теперь отображено с помощью "struct"
  (компиляция исходного файла "src/core/graphics/gui/Elements/Button.cpp")
      C:\Users\kisly\Downloads\coreGL_dynamic\src\core\graphics\commons\font.hpp(7,8):
       см. объявление "font"
  
C:\Users\kisly\Downloads\coreGL_dynamic\src\core\graphics\gui\Elements\Button.cpp(199,4): warning C4305: аргумент: усечение из "double" в "float"
  GUI.cpp
C:\Users\kisly\Downloads\coreGL_dynamic\src\core\graphics\gui\Elements\Button.hpp(8,7): warning C4099: font: имя типа, ранее отображенное с помощью "struct", теперь отображено с помощью "class"
  (компиляция исходного файла "src/core/graphics/gui/GUI.cpp")
      C:\Users\kisly\Downloads\coreGL_dynamic\src\core\graphics\gui\GUI.hpp(7,8):
       см. объявление "font"
  
C:\Users\kisly\Downloads\coreGL_dynamic\src\core\window\Cursor.hpp(23,15): warning C4091: static : пропускается слева от "Cursor::custom_cursor", когда ни одна переменная не объявлена
  (компиляция исходного файла "src/core/graphics/gui/GUI.cpp")
  
  OBJ.cpp
  obj_compile.cpp
  obj_mesh.cpp
  math.cpp
C:\Users\kisly\Downloads\coreGL_dynamic\src\core\math\math.cpp(7,20): warning C4244: return: преобразование "double" в "float", возможна потеря данных
  Matrixes.cpp
  Vector2.cpp
  Vector3.cpp
  Vector4.cpp
  array.cpp
C:\Users\kisly\Downloads\coreGL_dynamic\src\core\util\array.cpp(7,33): warning C4267: инициализация: преобразование из "size_t" в "int"; возможна потеря данных
C:\Users\kisly\Downloads\coreGL_dynamic\src\core\util\array.cpp(7,20): warning C4267: инициализация: преобразование из "size_t" в "const int"; возможна потеря данных
  string.cpp
  vector.cpp
  Cursor.cpp
C:\Users\kisly\Downloads\coreGL_dynamic\src\core\window\Cursor.hpp(23,15): warning C4091: static : пропускается слева от "Cursor::custom_cursor", когда ни одна переменная не объявлена
  (компиляция исходного файла "src/core/window/Cursor.cpp")
  
  Event.cpp
  Window.cpp
C:\Users\kisly\Downloads\coreGL_dynamic\src\core\window\Cursor.hpp(23,15): warning C4091: static : пропускается слева от "Cursor::custom_cursor", когда ни одна переменная не объявлена
  (компиляция исходного файла "src/core/window/Window.cpp")
  
  main.cpp
C:\Users\kisly\Downloads\coreGL_dynamic\src\core\window\Cursor.hpp(23,15): warning C4091: static : пропускается слева от "Cursor::custom_cursor", когда ни одна переменная не объявлена
  (компиляция исходного файла "src/main.cpp")
  
C:\Users\kisly\Downloads\coreGL_dynamic\src\core\file\wav.hpp(1,9): warning C4068: неизвестная прагма "Wav"
  (компиляция исходного файла "src/main.cpp")
  
C:\Users\kisly\Downloads\coreGL_dynamic\src\core\graphics\GUI\Elements\Button.hpp(8,7): warning C4099: font: имя типа, ранее отображенное с помощью "struct", теперь отображено с помощью "class"
  (компиляция исходного файла "src/main.cpp")
      C:\Users\kisly\Downloads\coreGL_dynamic\src\core\graphics\commons\font.hpp(7,8):
       см. объявление "font"
  
  Создание кода
  Previous IPDB not found, fall back to full compilation.
  All 276 functions were compiled because no usable IPDB/IOBJ from previous compilation was found.
  Создание кода завершено
  CoreGL.vcxproj -> C:\Users\kisly\Downloads\coreGL_dynamic\x64\CoreGL.exe
